TN:
SF:/Users/lebcirakram/Documents/dev/flutter-project/queerie_test/lib/dependencies_injection.dart
FNF:0
FNH:0
DA:6,9
DA:8,3
DA:15,6
DA:17,9
DA:18,3
DA:20,3
DA:27,3
DA:31,3
DA:32,9
DA:36,3
DA:38,8
DA:39,6
LF:12
LH:12
end_of_record
TN:
SF:/Users/lebcirakram/Documents/dev/flutter-project/queerie_test/lib/features/general/pages/main/cubit/main_cubit.dart
FNF:0
FNH:0
DA:11,2
DA:16,1
DA:17,1
DA:18,1
DA:20,1
DA:22,5
DA:25,1
DA:26,2
DA:27,1
DA:28,2
DA:31,1
DA:32,2
DA:35,2
DA:38,0
DA:42,0
DA:45,0
DA:47,0
DA:49,0
DA:50,0
LF:19
LH:13
end_of_record
TN:
SF:/Users/lebcirakram/Documents/dev/flutter-project/queerie_test/lib/features/general/pages/main/main_page.dart
FNF:0
FNH:0
DA:8,1
DA:12,1
DA:13,1
DA:19,1
DA:21,1
DA:22,4
DA:25,1
DA:27,1
DA:28,3
DA:29,1
DA:30,1
DA:31,1
DA:32,1
DA:33,1
DA:34,1
DA:35,2
DA:37,0
DA:38,0
DA:39,0
DA:42,0
DA:46,2
DA:51,1
DA:52,1
DA:54,1
DA:57,1
DA:58,1
DA:59,1
DA:60,1
DA:61,1
DA:62,0
DA:64,4
DA:68,1
DA:69,1
DA:71,1
DA:72,4
DA:75,0
DA:76,0
LF:37
LH:30
end_of_record
TN:
SF:/Users/lebcirakram/Documents/dev/flutter-project/queerie_test/lib/features/general/pages/main/menu_drawer.dart
FNF:0
FNH:0
DA:7,1
DA:14,0
DA:15,0
DA:19,0
DA:21,0
DA:22,0
DA:24,0
DA:25,0
DA:26,0
DA:27,0
DA:28,0
DA:29,0
DA:30,0
DA:31,0
DA:32,0
DA:33,0
DA:34,0
DA:35,0
DA:38,0
DA:39,0
DA:40,0
DA:41,0
DA:42,0
DA:43,0
DA:44,0
DA:55,0
DA:57,0
DA:58,0
DA:59,0
DA:61,0
DA:62,0
DA:63,0
DA:64,0
DA:66,0
DA:67,0
DA:68,0
DA:73,0
DA:75,0
DA:76,0
DA:77,0
DA:78,0
DA:80,0
DA:81,0
DA:82,0
DA:88,0
DA:96,0
DA:98,0
DA:99,0
DA:100,0
DA:101,0
LF:50
LH:1
end_of_record
TN:
SF:/Users/lebcirakram/Documents/dev/flutter-project/queerie_test/lib/features/general/pages/settings/cubit/settings_cubit.dart
FNF:0
FNH:0
DA:5,6
DA:7,1
DA:8,2
DA:9,1
DA:10,1
DA:12,1
DA:17,0
DA:18,0
DA:19,0
DA:22,1
DA:23,1
DA:24,5
DA:26,1
DA:27,1
DA:29,1
LF:15
LH:12
end_of_record
TN:
SF:/Users/lebcirakram/Documents/dev/flutter-project/queerie_test/lib/features/general/pages/settings/settings_page.dart
FNF:0
FNH:0
DA:9,1
DA:11,1
DA:12,1
DA:16,4
DA:18,2
DA:19,3
DA:20,3
DA:22,1
DA:23,4
DA:25,1
DA:27,1
DA:28,1
DA:29,1
DA:30,2
DA:31,1
DA:32,1
DA:33,1
DA:35,2
DA:36,1
DA:39,1
DA:40,2
DA:42,1
DA:43,1
DA:44,3
DA:48,1
DA:49,1
DA:50,2
DA:53,1
DA:55,2
DA:56,1
DA:58,1
DA:59,1
DA:60,2
DA:62,1
DA:63,1
DA:64,3
DA:68,1
DA:69,1
DA:70,1
DA:72,1
DA:73,3
DA:83,1
DA:84,1
DA:85,2
DA:86,1
DA:87,2
DA:89,2
LF:47
LH:47
end_of_record
TN:
SF:/Users/lebcirakram/Documents/dev/flutter-project/queerie_test/lib/features/general/pages/splashscreen/splash_screen_page.dart
FNF:0
FNH:0
DA:7,13
DA:9,0
DA:10,0
DA:14,0
DA:16,0
DA:17,0
DA:18,0
DA:22,0
DA:24,0
DA:25,0
DA:26,0
DA:27,0
DA:28,0
LF:13
LH:1
end_of_record
