TN:
SF:/Users/lebcirakram/Documents/dev/flutter-project/queerie_test/lib/dependencies_injection.dart
FNF:0
FNH:0
DA:6,9
DA:8,3
DA:15,6
DA:17,9
DA:18,3
DA:19,3
DA:20,3
DA:21,3
DA:22,3
DA:24,3
DA:31,3
DA:35,3
DA:36,9
DA:40,3
DA:41,6
DA:45,3
DA:46,6
DA:47,0
DA:51,3
DA:53,6
DA:54,6
DA:57,3
DA:59,8
DA:60,6
DA:63,3
DA:65,6
LF:26
LH:25
end_of_record
TN:
SF:/Users/lebcirakram/Documents/dev/flutter-project/queerie_test/lib/features/general/pages/main/cubit/main_cubit.dart
FNF:0
FNH:0
DA:11,2
DA:16,1
DA:17,1
DA:18,1
DA:20,1
DA:22,5
DA:25,1
DA:26,2
DA:27,1
DA:28,2
DA:31,1
DA:32,2
DA:35,2
DA:38,0
DA:42,0
DA:45,0
DA:47,0
DA:49,0
DA:50,0
LF:19
LH:13
end_of_record
TN:
SF:/Users/lebcirakram/Documents/dev/flutter-project/queerie_test/lib/features/general/pages/main/main_page.dart
FNF:0
FNH:0
DA:8,1
DA:12,1
DA:13,1
DA:19,1
DA:21,1
DA:22,4
DA:25,1
DA:27,1
DA:28,3
DA:29,1
DA:30,1
DA:31,1
DA:32,1
DA:33,1
DA:34,1
DA:35,2
DA:37,0
DA:38,0
DA:39,0
DA:42,0
DA:46,2
DA:51,1
DA:52,1
DA:54,1
DA:57,1
DA:58,1
DA:59,1
DA:60,1
DA:61,1
DA:62,0
DA:64,4
DA:68,1
DA:69,1
DA:71,1
DA:72,4
DA:75,0
DA:76,0
LF:37
LH:30
end_of_record
TN:
SF:/Users/lebcirakram/Documents/dev/flutter-project/queerie_test/lib/features/general/pages/main/menu_drawer.dart
FNF:0
FNH:0
DA:7,1
DA:14,0
DA:15,0
DA:19,0
DA:21,0
DA:22,0
DA:24,0
DA:25,0
DA:26,0
DA:27,0
DA:28,0
DA:29,0
DA:30,0
DA:31,0
DA:32,0
DA:33,0
DA:34,0
DA:35,0
DA:38,0
DA:39,0
DA:40,0
DA:41,0
DA:42,0
DA:43,0
DA:44,0
DA:55,0
DA:57,0
DA:58,0
DA:59,0
DA:61,0
DA:62,0
DA:63,0
DA:64,0
DA:66,0
DA:67,0
DA:68,0
DA:73,0
DA:75,0
DA:76,0
DA:77,0
DA:78,0
DA:80,0
DA:81,0
DA:82,0
DA:88,0
DA:96,0
DA:98,0
DA:99,0
DA:100,0
DA:101,0
LF:50
LH:1
end_of_record
TN:
SF:/Users/lebcirakram/Documents/dev/flutter-project/queerie_test/lib/features/general/pages/settings/cubit/settings_cubit.dart
FNF:0
FNH:0
DA:5,6
DA:7,1
DA:8,2
DA:9,1
DA:10,1
DA:12,1
DA:17,0
DA:18,0
DA:19,0
DA:22,1
DA:23,1
DA:24,5
DA:26,1
DA:27,1
DA:29,1
LF:15
LH:12
end_of_record
TN:
SF:/Users/lebcirakram/Documents/dev/flutter-project/queerie_test/lib/features/general/pages/settings/settings_page.dart
FNF:0
FNH:0
DA:9,31
DA:11,1
DA:12,1
DA:16,4
DA:18,2
DA:19,3
DA:20,3
DA:22,1
DA:23,4
DA:25,1
DA:27,1
DA:28,1
DA:29,1
DA:30,2
DA:31,1
DA:32,1
DA:33,1
DA:35,2
DA:36,1
DA:39,1
DA:40,2
DA:42,1
DA:43,1
DA:44,3
DA:48,1
DA:49,1
DA:50,2
DA:53,1
DA:55,2
DA:56,1
DA:58,1
DA:59,1
DA:60,2
DA:62,1
DA:63,1
DA:64,3
DA:68,1
DA:69,1
DA:70,1
DA:72,1
DA:73,3
DA:83,1
DA:84,1
DA:85,2
DA:86,1
DA:87,2
DA:89,2
LF:47
LH:47
end_of_record
TN:
SF:/Users/lebcirakram/Documents/dev/flutter-project/queerie_test/lib/features/general/pages/splashscreen/splash_screen_page.dart
FNF:0
FNH:0
DA:7,30
DA:9,0
DA:10,0
DA:14,0
DA:16,0
DA:17,0
DA:18,0
DA:22,0
DA:24,0
DA:25,0
DA:26,0
DA:27,0
DA:28,0
LF:13
LH:1
end_of_record
TN:
SF:/Users/lebcirakram/Documents/dev/flutter-project/queerie_test/lib/features/movie/data/datasources/movie_remote_datasource.dart
FNF:0
FNH:0
DA:14,0
DA:16,0
DA:18,0
DA:19,0
DA:20,0
DA:21,0
DA:22,0
DA:23,0
DA:25,0
DA:28,0
DA:33,0
DA:35,0
DA:37,0
DA:42,0
LF:14
LH:0
end_of_record
TN:
SF:/Users/lebcirakram/Documents/dev/flutter-project/queerie_test/lib/features/movie/data/models/movie_detail.dart
FNF:0
FNH:0
DA:28,4
DA:56,8
DA:57,4
DA:58,4
DA:59,4
DA:60,4
DA:61,4
DA:62,4
DA:63,4
DA:64,4
DA:65,4
DA:66,4
DA:67,4
DA:68,4
DA:69,4
DA:70,4
DA:71,4
DA:72,4
DA:73,4
DA:74,4
DA:75,4
DA:76,4
DA:77,4
DA:78,4
DA:79,4
DA:80,4
DA:81,4
LF:27
LH:27
end_of_record
TN:
SF:/Users/lebcirakram/Documents/dev/flutter-project/queerie_test/lib/features/movie/data/models/movie_search_result.dart
FNF:0
FNH:0
DA:8,4
DA:16,8
DA:17,4
DA:18,4
DA:19,4
DA:20,4
DA:21,4
DA:31,4
DA:38,8
DA:39,20
DA:40,8
DA:41,4
DA:42,4
LF:13
LH:13
end_of_record
TN:
SF:/Users/lebcirakram/Documents/dev/flutter-project/queerie_test/lib/features/movie/data/repositories/movie_repository_impl.dart
FNF:0
FNH:0
DA:11,1
DA:13,1
DA:15,2
DA:16,3
DA:17,1
DA:18,3
DA:19,1
DA:20,1
DA:21,1
DA:22,1
DA:23,1
DA:25,1
DA:26,1
DA:27,1
DA:28,1
DA:32,1
DA:34,2
DA:35,3
DA:36,1
DA:37,1
DA:38,1
DA:39,1
DA:40,1
DA:41,1
DA:42,1
DA:43,1
DA:44,1
DA:45,1
DA:46,1
DA:47,1
DA:48,1
DA:49,1
DA:50,1
DA:51,1
DA:52,1
DA:53,1
DA:54,1
DA:55,1
DA:56,1
DA:57,1
DA:58,1
DA:59,1
DA:60,1
LF:43
LH:43
end_of_record
TN:
SF:/Users/lebcirakram/Documents/dev/flutter-project/queerie_test/lib/features/movie/domain/entities/movie_detail.dart
FNF:0
FNH:0
DA:28,3
LF:1
LH:1
end_of_record
TN:
SF:/Users/lebcirakram/Documents/dev/flutter-project/queerie_test/lib/features/movie/domain/entities/movie_search_result.dart
FNF:0
FNH:0
DA:8,3
DA:23,4
LF:2
LH:2
end_of_record
TN:
SF:/Users/lebcirakram/Documents/dev/flutter-project/queerie_test/lib/features/movie/domain/usecases/get_movie_detail.dart
FNF:0
FNH:0
DA:9,2
DA:11,2
DA:12,4
LF:3
LH:3
end_of_record
TN:
SF:/Users/lebcirakram/Documents/dev/flutter-project/queerie_test/lib/features/movie/domain/usecases/search_movies.dart
FNF:0
FNH:0
DA:9,1
DA:11,1
DA:12,2
LF:3
LH:3
end_of_record
TN:
SF:/Users/lebcirakram/Documents/dev/flutter-project/queerie_test/lib/features/movie/pages/dashboard/bloc/movie_search_bloc.dart
FNF:0
FNH:0
DA:11,6
DA:12,4
DA:13,6
DA:14,0
DA:17,2
DA:18,4
DA:20,4
DA:21,2
DA:22,2
DA:23,2
DA:24,2
DA:26,2
DA:27,5
DA:28,2
DA:29,8
DA:30,1
DA:31,0
DA:32,0
DA:33,0
DA:34,0
DA:35,0
DA:36,0
DA:37,0
DA:41,2
DA:43,2
DA:44,0
DA:46,4
DA:51,2
LF:28
LH:19
end_of_record
TN:
SF:/Users/lebcirakram/Documents/dev/flutter-project/queerie_test/lib/features/movie/pages/dashboard/bloc/movie_search_event.dart
FNF:0
FNH:0
DA:11,2
LF:1
LH:1
end_of_record
TN:
SF:/Users/lebcirakram/Documents/dev/flutter-project/queerie_test/lib/features/movie/pages/dashboard/bloc/movie_search_state.dart
FNF:0
FNH:0
DA:9,1
DA:14,1
LF:2
LH:2
end_of_record
TN:
SF:/Users/lebcirakram/Documents/dev/flutter-project/queerie_test/lib/features/movie/pages/dashboard/dashboard_page.dart
FNF:0
FNH:0
DA:9,31
DA:11,1
DA:12,1
DA:29,1
DA:31,1
DA:32,3
DA:33,1
DA:36,1
DA:38,2
DA:39,2
DA:40,1
DA:43,0
DA:44,0
DA:45,0
DA:46,0
DA:47,0
DA:51,0
DA:52,0
DA:53,0
DA:55,0
DA:56,0
DA:57,0
DA:58,0
DA:59,0
DA:63,0
DA:66,1
DA:67,3
DA:69,4
DA:71,2
DA:72,2
DA:77,4
DA:79,2
DA:85,0
DA:86,0
DA:87,0
DA:89,0
DA:90,0
DA:91,0
DA:92,0
DA:93,0
DA:94,0
DA:95,0
DA:97,0
DA:98,0
DA:100,0
DA:103,0
DA:104,0
DA:105,0
DA:106,0
DA:108,0
DA:109,0
DA:111,0
DA:118,0
DA:119,0
DA:120,0
DA:122,0
DA:123,0
DA:124,0
DA:125,0
DA:128,0
DA:130,0
DA:131,0
DA:136,0
DA:137,0
DA:138,0
DA:139,0
DA:140,0
DA:141,0
DA:143,0
DA:144,0
DA:147,0
DA:148,0
DA:149,0
DA:150,0
DA:152,0
DA:153,0
DA:155,0
DA:159,0
DA:160,0
DA:163,1
DA:165,1
DA:166,1
DA:168,1
DA:169,1
DA:170,1
DA:171,1
DA:172,3
DA:173,1
DA:174,1
DA:175,1
DA:176,0
DA:179,4
DA:180,0
DA:182,0
DA:183,0
DA:184,0
DA:185,0
DA:186,0
DA:187,0
DA:188,0
DA:189,0
DA:190,0
DA:192,0
DA:196,0
DA:197,0
DA:198,0
DA:199,0
DA:200,0
DA:202,0
DA:208,1
DA:209,1
DA:210,1
DA:211,1
DA:212,0
DA:213,0
DA:214,1
DA:215,0
DA:216,0
DA:217,0
DA:218,0
DA:223,1
DA:224,1
DA:228,1
DA:229,0
DA:230,0
DA:231,0
DA:232,0
DA:233,0
DA:235,0
DA:241,1
DA:242,0
DA:245,0
DA:246,0
DA:247,0
DA:248,0
DA:249,0
DA:250,0
DA:254,1
DA:255,1
DA:256,1
LF:140
LH:42
end_of_record
TN:
SF:/Users/lebcirakram/Documents/dev/flutter-project/queerie_test/lib/features/movie/pages/detail/detail_page.dart
FNF:0
FNH:0
DA:11,1
DA:17,1
DA:18,1
DA:24,1
DA:26,1
DA:27,1
DA:28,2
DA:29,5
DA:30,1
DA:31,2
DA:35,0
DA:36,0
DA:39,0
DA:43,0
DA:44,0
DA:45,0
DA:46,0
DA:47,0
DA:48,0
DA:49,0
DA:54,0
DA:55,0
DA:56,0
DA:59,0
DA:60,0
DA:61,0
DA:62,0
DA:67,0
DA:68,0
DA:70,0
DA:72,0
DA:73,0
DA:74,0
DA:75,0
DA:78,0
DA:79,0
DA:80,0
DA:83,0
DA:84,0
DA:85,0
DA:86,0
DA:89,0
DA:90,0
DA:91,0
DA:92,0
DA:93,0
DA:94,0
DA:95,0
DA:96,0
DA:97,0
LF:50
LH:10
end_of_record
TN:
SF:/Users/lebcirakram/Documents/dev/flutter-project/queerie_test/lib/features/movie/pages/widgets/movie_active_filters.dart
FNF:0
FNH:0
DA:11,1
DA:20,1
DA:22,1
DA:23,1
DA:24,0
DA:26,0
DA:27,0
DA:28,0
DA:31,0
DA:34,0
DA:38,3
DA:39,2
DA:41,1
DA:42,1
DA:43,1
DA:46,5
DA:49,1
DA:53,1
DA:54,1
DA:55,1
DA:56,1
DA:57,1
DA:59,1
DA:62,1
DA:63,1
DA:65,3
LF:26
LH:20
end_of_record
TN:
SF:/Users/lebcirakram/Documents/dev/flutter-project/queerie_test/lib/features/movie/pages/widgets/movie_card.dart
FNF:0
FNH:0
DA:13,1
DA:24,1
DA:26,4
DA:27,1
DA:28,1
DA:29,1
DA:33,1
DA:34,1
DA:35,1
DA:36,1
DA:38,1
DA:39,1
DA:40,0
DA:41,0
DA:43,0
DA:48,0
DA:49,0
DA:53,0
DA:54,0
DA:57,0
DA:63,0
DA:66,0
DA:71,1
DA:76,1
DA:77,1
DA:81,0
DA:82,0
DA:85,0
DA:91,0
DA:94,0
DA:97,1
DA:99,1
DA:101,1
DA:102,1
DA:103,0
DA:104,0
DA:105,0
DA:107,0
DA:108,0
DA:115,1
DA:116,1
DA:122,1
DA:123,1
DA:124,2
DA:125,1
DA:128,1
DA:129,0
DA:131,0
DA:132,0
DA:133,0
DA:134,0
DA:137,0
DA:140,0
LF:53
LH:26
end_of_record
TN:
SF:/Users/lebcirakram/Documents/dev/flutter-project/queerie_test/lib/features/movie/pages/widgets/movie_detail_info.dart
FNF:0
FNH:0
DA:14,1
DA:26,1
DA:28,1
DA:30,1
DA:31,4
DA:32,4
DA:35,4
DA:36,4
DA:39,4
DA:40,4
DA:43,4
DA:44,4
DA:47,4
DA:48,4
DA:51,4
DA:52,4
DA:55,4
DA:56,4
DA:59,3
DA:60,4
DA:65,1
DA:66,1
DA:68,1
DA:69,1
DA:77,1
LF:25
LH:25
end_of_record
TN:
SF:/Users/lebcirakram/Documents/dev/flutter-project/queerie_test/lib/features/movie/pages/widgets/movie_empty_state.dart
FNF:0
FNH:0
DA:7,31
DA:9,1
DA:10,1
DA:12,1
DA:14,1
DA:15,1
DA:17,1
DA:19,1
DA:20,1
DA:21,3
DA:25,1
DA:27,0
DA:28,0
LF:13
LH:11
end_of_record
TN:
SF:/Users/lebcirakram/Documents/dev/flutter-project/queerie_test/lib/features/movie/pages/widgets/movie_filter_modal.dart
FNF:0
FNH:0
DA:10,0
DA:18,0
DA:19,0
DA:27,0
DA:29,0
DA:30,0
DA:31,0
DA:32,0
DA:35,0
DA:37,0
DA:38,0
DA:41,0
DA:43,0
DA:48,0
DA:49,0
DA:50,0
DA:51,0
DA:61,0
DA:64,0
DA:66,0
DA:67,0
DA:68,0
DA:72,0
DA:73,0
DA:74,0
DA:78,0
DA:80,0
DA:81,0
DA:82,0
DA:85,0
DA:86,0
DA:87,0
DA:92,0
DA:93,0
DA:95,0
DA:96,0
DA:97,0
DA:100,0
DA:102,0
DA:103,0
DA:104,0
DA:107,0
DA:109,0
DA:110,0
DA:111,0
DA:114,0
DA:116,0
DA:117,0
DA:118,0
DA:122,0
DA:127,0
DA:129,0
DA:130,0
DA:131,0
DA:132,0
DA:133,0
DA:134,0
DA:136,0
DA:138,0
DA:139,0
DA:140,0
DA:141,0
DA:144,0
DA:145,0
DA:146,0
DA:147,0
DA:148,0
DA:149,0
DA:150,0
DA:151,0
DA:159,0
DA:160,0
DA:164,0
DA:165,0
DA:168,0
DA:169,0
DA:170,0
DA:171,0
DA:173,0
DA:174,0
DA:175,0
DA:177,0
DA:178,0
DA:179,0
DA:180,0
DA:181,0
DA:182,0
DA:190,0
DA:192,0
DA:193,0
DA:194,0
DA:195,0
DA:196,0
DA:197,0
DA:199,0
DA:200,0
DA:202,0
DA:204,0
DA:205,0
DA:207,0
DA:209,0
DA:210,0
DA:211,0
DA:213,0
LF:104
LH:0
end_of_record
TN:
SF:/Users/lebcirakram/Documents/dev/flutter-project/queerie_test/lib/features/movie/pages/widgets/movie_info_chips.dart
FNF:0
FNH:0
DA:8,1
DA:15,1
DA:17,1
DA:19,3
DA:20,2
DA:21,1
DA:23,2
DA:27,3
DA:28,2
DA:29,1
DA:34,3
DA:35,2
DA:36,2
DA:37,2
DA:38,1
DA:44,1
DA:46,1
DA:47,1
DA:48,4
DA:49,2
DA:50,1
DA:57,1
DA:58,1
DA:59,1
DA:61,1
DA:62,1
DA:63,1
DA:66,2
DA:69,1
DA:73,1
DA:74,1
DA:75,1
DA:77,1
DA:79,1
DA:81,1
DA:83,1
LF:36
LH:36
end_of_record
TN:
SF:/Users/lebcirakram/Documents/dev/flutter-project/queerie_test/lib/features/movie/pages/widgets/movie_popular_grid.dart
FNF:0
FNH:0
DA:10,2
DA:12,2
DA:14,9
DA:15,8
DA:17,0
DA:18,0
DA:19,0
DA:21,0
DA:24,0
DA:25,0
DA:30,0
DA:31,0
DA:32,0
DA:34,0
DA:35,0
DA:37,0
DA:39,0
DA:40,0
DA:42,0
DA:43,0
DA:45,0
DA:47,0
DA:50,0
DA:53,0
DA:59,0
DA:60,0
DA:61,0
DA:62,0
DA:63,0
DA:64,0
DA:65,0
DA:66,0
DA:67,0
DA:68,0
DA:69,0
LF:35
LH:4
end_of_record
TN:
SF:/Users/lebcirakram/Documents/dev/flutter-project/queerie_test/lib/features/movie/pages/widgets/movie_poster_hero.dart
FNF:0
FNH:0
DA:7,0
DA:13,0
DA:15,0
DA:16,0
DA:17,0
DA:18,0
DA:19,0
DA:20,0
DA:21,0
DA:25,0
DA:26,0
DA:29,0
DA:34,0
DA:37,0
LF:14
LH:0
end_of_record
TN:
SF:/Users/lebcirakram/Documents/dev/flutter-project/queerie_test/lib/features/movie/pages/widgets/movie_rating_row.dart
FNF:0
FNH:0
DA:7,1
DA:13,1
DA:15,3
DA:16,0
DA:20,1
DA:21,1
DA:22,4
DA:25,1
DA:26,1
DA:33,1
DA:37,0
DA:38,0
DA:49,0
DA:51,0
DA:55,0
DA:56,0
DA:57,0
DA:58,0
DA:60,0
LF:19
LH:9
end_of_record
TN:
SF:/Users/lebcirakram/Documents/dev/flutter-project/queerie_test/lib/features/movie/pages/widgets/movie_search_bar.dart
FNF:0
FNH:0
DA:12,2
DA:22,2
DA:24,2
DA:25,2
DA:26,2
DA:27,2
DA:29,2
DA:30,2
DA:31,2
DA:32,2
DA:34,4
DA:35,2
DA:36,2
DA:40,4
DA:41,2
DA:43,2
DA:44,2
DA:46,4
DA:47,2
DA:49,2
DA:50,0
DA:52,0
DA:53,0
DA:55,2
DA:56,0
DA:58,0
DA:59,0
DA:65,2
LF:28
LH:22
end_of_record
TN:
SF:/Users/lebcirakram/Documents/dev/flutter-project/queerie_test/lib/features/movie/pages/widgets/movie_search_results_list.dart
FNF:0
FNH:0
DA:13,0
DA:22,0
DA:24,0
DA:25,0
DA:26,0
DA:27,0
DA:28,0
DA:29,0
DA:30,0
DA:35,0
DA:36,0
DA:38,0
DA:44,0
DA:45,0
DA:46,0
DA:47,0
DA:48,0
DA:49,0
DA:50,0
DA:51,0
DA:52,0
LF:21
LH:0
end_of_record
TN:
SF:/Users/lebcirakram/Documents/dev/flutter-project/queerie_test/lib/features/movie/pages/widgets/movie_title_hero.dart
FNF:0
FNH:0
DA:7,0
DA:13,0
DA:15,0
DA:16,0
DA:17,0
DA:19,0
DA:20,0
DA:21,0
LF:8
LH:0
end_of_record
