SF:/Users/lebcirakram/Documents/dev/flutter-project/queerie_test/lib/core/widgets/toast.dart
DA:11,1
DA:13,1
DA:15,1
DA:17,1
DA:18,1
DA:19,1
DA:20,1
DA:21,1
DA:23,2
DA:24,1
DA:26,1
DA:27,1
DA:28,1
DA:29,1
DA:31,1
DA:32,1
DA:34,1
DA:35,2
DA:36,1
DA:37,1
DA:38,1
DA:39,1
DA:40,1
DA:41,2
LF:24
LH:24
end_of_record
SF:/Users/lebcirakram/Documents/dev/flutter-project/queerie_test/lib/core/localization/generated/strings.dart
DA:65,12
DA:66,24
DA:70,5
DA:71,5
DA:306,13
DA:308,12
DA:310,24
DA:313,12
DA:315,36
DA:317,0
DA:321,12
DA:323,12
DA:324,12
DA:325,12
DA:326,0
DA:327,0
DA:330,0
LF:17
LH:13
end_of_record
SF:/Users/lebcirakram/Documents/dev/flutter-project/queerie_test/lib/core/resources/styles.dart
DA:6,2
DA:14,1
DA:18,1
DA:19,4
DA:20,1
DA:23,4
DA:24,1
DA:27,4
DA:28,1
DA:31,4
DA:32,1
DA:35,4
DA:36,1
DA:39,4
DA:40,1
DA:43,4
DA:44,1
DA:47,4
DA:48,1
DA:51,4
DA:52,1
DA:55,4
DA:56,1
DA:59,4
DA:60,1
DA:63,4
DA:64,1
DA:67,4
DA:68,1
DA:73,1
DA:74,3
DA:77,1
DA:83,1
DA:88,1
DA:93,1
DA:100,1
DA:127,0
DA:135,0
DA:136,0
DA:137,0
DA:138,0
DA:141,0
DA:142,0
DA:145,0
DA:146,0
DA:149,0
DA:150,0
DA:153,0
DA:154,0
DA:157,0
DA:158,0
DA:161,0
DA:162,0
DA:165,0
DA:166,0
DA:169,0
DA:170,0
DA:173,0
DA:174,0
DA:177,0
DA:178,0
DA:181,0
DA:182,0
DA:185,0
DA:186,0
DA:191,0
DA:192,0
DA:195,0
DA:201,0
DA:207,0
DA:212,0
DA:219,0
DA:266,25
DA:288,0
DA:310,0
DA:311,0
DA:312,0
DA:313,0
DA:314,0
DA:315,0
DA:316,0
DA:317,0
DA:318,0
DA:319,0
DA:320,0
DA:321,0
DA:322,0
DA:323,0
DA:324,0
DA:325,0
DA:326,0
DA:327,0
DA:328,0
DA:329,0
DA:333,0
DA:338,0
DA:341,0
DA:342,0
DA:343,0
DA:344,0
DA:345,0
DA:346,0
DA:347,0
DA:348,0
DA:349,0
DA:350,0
DA:351,0
DA:352,0
DA:353,0
DA:354,0
DA:355,0
DA:356,0
DA:357,0
DA:358,0
DA:359,0
DA:360,0
DA:366,1
DA:370,2
DA:374,4
DA:377,0
DA:378,0
DA:381,0
DA:386,1
DA:390,2
DA:391,2
DA:392,1
DA:393,1
DA:394,1
DA:399,0
DA:400,0
DA:401,0
DA:402,0
DA:403,0
DA:408,0
DA:409,0
DA:414,0
DA:415,0
DA:420,0
DA:421,0
LF:139
LH:46
end_of_record
SF:/Users/lebcirakram/Documents/dev/flutter-project/queerie_test/lib/utils/services/hive/main_box.dart
DA:26,2
DA:29,3
DA:31,6
DA:32,9
DA:35,1
DA:36,3
DA:39,0
DA:40,0
DA:43,12
DA:45,0
DA:47,0
DA:48,0
DA:51,0
DA:53,0
DA:54,0
DA:55,0
DA:59,0
LF:17
LH:7
end_of_record
SF:/Users/lebcirakram/Documents/dev/flutter-project/queerie_test/lib/core/api/dio_client.dart
DA:15,3
DA:16,3
DA:18,6
DA:20,3
DA:23,0
DA:24,0
DA:26,0
DA:28,0
DA:30,0
DA:36,6
DA:37,3
DA:38,3
DA:39,3
DA:45,0
DA:46,0
DA:51,0
DA:58,0
DA:59,0
DA:60,0
DA:61,0
DA:67,0
DA:69,0
DA:70,0
DA:73,0
DA:74,0
DA:75,0
DA:76,0
DA:77,0
DA:79,0
DA:80,0
DA:81,0
DA:87,0
DA:94,0
DA:95,0
DA:96,0
DA:97,0
DA:103,0
DA:105,0
DA:106,0
DA:109,0
DA:110,0
DA:111,0
DA:112,0
DA:113,0
DA:115,0
DA:116,0
DA:117,0
DA:123,0
DA:130,0
DA:131,0
DA:132,0
DA:133,0
DA:139,0
DA:141,0
DA:142,0
DA:145,0
DA:146,0
DA:147,0
DA:148,0
DA:149,0
DA:151,0
DA:152,0
DA:153,0
LF:63
LH:8
end_of_record
SF:/Users/lebcirakram/Documents/dev/flutter-project/queerie_test/lib/core/api/dio_interceptor.dart
DA:9,0
DA:13,0
DA:14,0
DA:15,0
DA:18,0
DA:21,0
DA:22,0
DA:23,0
DA:29,0
DA:30,0
DA:32,0
DA:39,0
DA:42,0
DA:45,0
DA:47,0
DA:48,0
DA:49,0
DA:52,0
DA:55,0
DA:58,0
DA:61,0
DA:62,0
DA:64,0
DA:70,0
LF:24
LH:0
end_of_record
SF:/Users/lebcirakram/Documents/dev/flutter-project/queerie_test/lib/core/api/isolate_parser.dart
DA:10,0
DA:12,0
DA:13,0
DA:14,0
DA:16,0
DA:20,0
DA:21,0
DA:22,0
LF:8
LH:0
end_of_record
SF:/Users/lebcirakram/Documents/dev/flutter-project/queerie_test/lib/core/api/list_api.dart
DA:2,0
LF:1
LH:0
end_of_record
SF:/Users/lebcirakram/Documents/dev/flutter-project/queerie_test/lib/core/app_route.dart
DA:6,0
DA:23,0
DA:25,0
DA:29,0
DA:30,0
DA:31,0
DA:32,0
DA:33,0
DA:34,0
DA:35,0
DA:37,0
DA:38,0
DA:39,0
DA:40,0
DA:43,0
LF:15
LH:0
end_of_record
SF:/Users/lebcirakram/Documents/dev/flutter-project/queerie_test/lib/core/error/exceptions.dart
DA:4,0
LF:1
LH:0
end_of_record
SF:/Users/lebcirakram/Documents/dev/flutter-project/queerie_test/lib/core/error/failure.dart
DA:2,0
DA:8,0
DA:10,0
DA:12,0
DA:14,0
DA:15,0
DA:19,0
DA:20,0
DA:22,0
DA:27,0
DA:28,0
DA:30,0
LF:12
LH:0
end_of_record
SF:/Users/lebcirakram/Documents/dev/flutter-project/queerie_test/lib/core/localization/generated/strings_en.dart
DA:9,24
DA:11,1
DA:14,1
DA:17,2
DA:20,1
DA:23,1
DA:26,1
DA:29,1
DA:32,1
DA:35,1
DA:38,0
DA:41,0
DA:44,0
DA:47,0
DA:50,0
DA:53,0
DA:56,0
DA:59,0
DA:62,0
DA:65,0
DA:68,0
DA:71,0
DA:74,0
DA:77,0
DA:80,0
DA:83,0
DA:86,0
DA:89,0
DA:92,0
DA:95,0
DA:98,0
DA:101,0
DA:104,0
DA:107,0
DA:110,0
LF:35
LH:10
end_of_record
SF:/Users/lebcirakram/Documents/dev/flutter-project/queerie_test/lib/core/localization/generated/strings_fr.dart
DA:9,0
DA:11,0
DA:14,0
DA:17,0
DA:20,0
DA:23,0
DA:26,0
DA:29,0
DA:32,0
DA:35,0
DA:38,0
DA:41,0
DA:44,0
DA:47,0
DA:50,0
DA:53,0
DA:56,0
DA:59,0
DA:62,0
DA:65,0
DA:68,0
DA:71,0
DA:74,0
DA:77,0
DA:80,0
DA:83,0
DA:86,0
DA:89,0
DA:92,0
DA:95,0
DA:98,0
DA:101,0
DA:104,0
DA:107,0
DA:110,0
LF:35
LH:0
end_of_record
SF:/Users/lebcirakram/Documents/dev/flutter-project/queerie_test/lib/core/localization/l10n.dart
DA:4,0
DA:6,0
DA:11,0
DA:13,0
LF:4
LH:0
end_of_record
SF:/Users/lebcirakram/Documents/dev/flutter-project/queerie_test/lib/core/resources/dimens.dart
DA:4,0
DA:6,3
DA:7,3
DA:8,3
DA:9,3
DA:10,3
DA:11,3
DA:12,3
DA:13,3
DA:14,3
DA:15,3
DA:16,3
DA:17,3
DA:18,3
DA:21,0
DA:22,0
DA:23,6
DA:24,6
DA:25,15
DA:26,6
DA:27,3
DA:28,12
DA:29,0
DA:30,0
DA:31,0
DA:32,3
DA:33,0
DA:34,0
DA:36,0
DA:37,0
DA:38,0
DA:39,0
DA:40,0
DA:41,0
DA:42,0
DA:43,0
DA:45,0
DA:46,0
DA:47,0
DA:48,0
DA:49,0
DA:51,3
DA:52,0
LF:43
LH:21
end_of_record
SF:/Users/lebcirakram/Documents/dev/flutter-project/queerie_test/lib/core/resources/images.dart
DA:2,0
LF:1
LH:0
end_of_record
SF:/Users/lebcirakram/Documents/dev/flutter-project/queerie_test/lib/core/resources/palette.dart
DA:55,0
LF:1
LH:0
end_of_record
SF:/Users/lebcirakram/Documents/dev/flutter-project/queerie_test/lib/core/widgets/button.dart
DA:15,1
DA:26,1
DA:28,1
DA:30,3
DA:31,2
DA:32,1
DA:33,3
DA:34,4
DA:36,1
DA:37,1
DA:38,1
DA:40,4
DA:42,3
DA:43,2
DA:50,1
DA:51,2
DA:52,4
DA:53,3
LF:18
LH:18
end_of_record
SF:/Users/lebcirakram/Documents/dev/flutter-project/queerie_test/lib/core/widgets/circle_image.dart
DA:9,1
DA:11,1
DA:13,1
DA:14,1
DA:15,1
DA:17,1
DA:18,1
DA:20,1
DA:21,2
DA:22,1
DA:23,1
DA:26,0
DA:27,0
LF:13
LH:11
end_of_record
SF:/Users/lebcirakram/Documents/dev/flutter-project/queerie_test/lib/core/widgets/color_loaders.dart
DA:10,13
DA:12,2
DA:13,2
DA:26,2
DA:28,2
DA:30,6
DA:31,6
DA:33,4
DA:38,6
DA:39,2
DA:40,2
DA:45,6
DA:46,2
DA:47,2
DA:52,6
DA:53,2
DA:54,2
DA:59,6
DA:60,4
DA:61,6
DA:62,0
DA:63,12
DA:64,12
DA:71,4
DA:74,2
DA:76,2
DA:80,2
DA:81,2
DA:82,2
DA:83,2
DA:84,2
DA:85,2
DA:86,2
DA:88,2
DA:89,2
DA:93,2
DA:94,2
DA:95,6
DA:96,6
DA:98,2
DA:99,2
DA:103,2
DA:104,2
DA:105,12
DA:106,12
DA:108,2
DA:109,2
DA:113,2
DA:114,2
DA:115,12
DA:116,12
DA:118,2
DA:119,2
DA:120,6
DA:123,2
DA:124,2
DA:125,12
DA:126,12
DA:128,2
DA:129,2
DA:130,6
DA:133,2
DA:134,2
DA:135,12
DA:136,12
DA:138,2
DA:139,2
DA:140,6
DA:143,2
DA:144,2
DA:145,12
DA:146,12
DA:148,2
DA:149,2
DA:150,6
DA:153,2
DA:154,2
DA:155,12
DA:156,12
DA:158,2
DA:159,2
DA:160,6
DA:163,2
DA:164,2
DA:165,12
DA:166,12
DA:168,2
DA:169,2
DA:170,6
DA:181,2
DA:183,4
DA:184,2
DA:192,2
DA:194,2
DA:196,2
DA:197,2
DA:198,2
DA:199,2
DA:200,4
LF:99
LH:98
end_of_record
SF:/Users/lebcirakram/Documents/dev/flutter-project/queerie_test/lib/core/widgets/drop_down.dart
DA:6,2
DA:22,2
DA:23,2
DA:27,2
DA:29,2
DA:30,4
DA:31,2
DA:33,2
DA:34,6
DA:35,2
DA:36,4
DA:37,2
DA:38,2
DA:39,2
DA:40,6
DA:42,4
DA:44,2
DA:45,4
DA:48,2
DA:50,6
DA:52,2
DA:57,6
DA:58,2
DA:59,4
DA:60,4
DA:62,2
DA:63,2
DA:64,2
DA:66,4
DA:67,2
DA:69,4
DA:70,2
DA:71,6
DA:74,2
DA:76,4
DA:77,6
DA:79,2
DA:81,4
DA:82,6
DA:84,2
DA:86,4
DA:87,2
DA:88,6
DA:91,2
DA:93,4
DA:94,2
DA:95,6
DA:98,2
DA:100,4
DA:101,2
DA:102,6
DA:106,4
DA:107,4
DA:108,4
LF:54
LH:54
end_of_record
SF:/Users/lebcirakram/Documents/dev/flutter-project/queerie_test/lib/core/widgets/empty.dart
DA:7,1
DA:9,1
DA:11,1
DA:13,1
DA:14,1
DA:16,1
DA:17,1
DA:18,1
DA:20,1
DA:29,1
DA:30,3
LF:11
LH:11
end_of_record
SF:/Users/lebcirakram/Documents/dev/flutter-project/queerie_test/lib/core/widgets/loading.dart
DA:6,27
DA:10,2
DA:12,2
DA:13,2
DA:15,2
DA:17,2
DA:18,2
DA:19,2
DA:20,4
DA:21,6
LF:10
LH:10
end_of_record
SF:/Users/lebcirakram/Documents/dev/flutter-project/queerie_test/lib/core/widgets/parent.dart
DA:16,3
DA:30,3
DA:31,3
DA:35,3
DA:37,3
DA:38,0
DA:39,3
DA:40,6
DA:41,6
DA:42,6
DA:43,6
DA:44,6
DA:45,6
DA:46,6
DA:47,6
DA:48,6
DA:49,6
LF:17
LH:16
end_of_record
SF:/Users/lebcirakram/Documents/dev/flutter-project/queerie_test/lib/core/widgets/spacer_h.dart
DA:5,14
DA:9,1
DA:11,1
DA:12,2
LF:4
LH:4
end_of_record
SF:/Users/lebcirakram/Documents/dev/flutter-project/queerie_test/lib/core/widgets/spacer_v.dart
DA:5,16
DA:9,3
DA:11,3
DA:12,4
LF:4
LH:4
end_of_record
SF:/Users/lebcirakram/Documents/dev/flutter-project/queerie_test/lib/dependencies_injection.dart
DA:6,9
DA:8,3
DA:15,6
DA:17,9
DA:18,3
DA:20,3
DA:27,3
DA:31,3
DA:32,9
DA:36,3
DA:38,8
DA:39,6
LF:12
LH:12
end_of_record
SF:/Users/lebcirakram/Documents/dev/flutter-project/queerie_test/lib/features/general/pages/main/cubit/main_cubit.dart
DA:11,2
DA:16,1
DA:17,1
DA:18,1
DA:20,1
DA:22,5
DA:25,1
DA:26,2
DA:27,1
DA:28,2
DA:31,1
DA:32,2
DA:35,2
DA:38,0
DA:42,0
DA:45,0
DA:47,0
DA:49,0
DA:50,0
LF:19
LH:13
end_of_record
SF:/Users/lebcirakram/Documents/dev/flutter-project/queerie_test/lib/features/general/pages/main/main_page.dart
DA:8,1
DA:12,1
DA:13,1
DA:19,1
DA:21,1
DA:22,4
DA:25,1
DA:27,1
DA:28,3
DA:29,1
DA:30,1
DA:31,1
DA:32,1
DA:33,1
DA:34,1
DA:35,2
DA:37,0
DA:38,0
DA:39,0
DA:42,0
DA:46,2
DA:51,1
DA:52,1
DA:54,1
DA:57,1
DA:58,1
DA:59,1
DA:60,1
DA:61,1
DA:62,0
DA:64,4
DA:68,1
DA:69,1
DA:71,1
DA:72,4
DA:75,0
DA:76,0
LF:37
LH:30
end_of_record
SF:/Users/lebcirakram/Documents/dev/flutter-project/queerie_test/lib/features/general/pages/main/menu_drawer.dart
DA:7,1
DA:14,0
DA:15,0
DA:19,0
DA:21,0
DA:22,0
DA:24,0
DA:25,0
DA:26,0
DA:27,0
DA:28,0
DA:29,0
DA:30,0
DA:31,0
DA:32,0
DA:33,0
DA:34,0
DA:35,0
DA:38,0
DA:39,0
DA:40,0
DA:41,0
DA:42,0
DA:43,0
DA:44,0
DA:55,0
DA:57,0
DA:58,0
DA:59,0
DA:61,0
DA:62,0
DA:63,0
DA:64,0
DA:66,0
DA:67,0
DA:68,0
DA:73,0
DA:75,0
DA:76,0
DA:77,0
DA:78,0
DA:80,0
DA:81,0
DA:82,0
DA:88,0
DA:96,0
DA:98,0
DA:99,0
DA:100,0
DA:101,0
LF:50
LH:1
end_of_record
SF:/Users/lebcirakram/Documents/dev/flutter-project/queerie_test/lib/features/general/pages/settings/cubit/settings_cubit.dart
DA:5,6
DA:7,1
DA:8,2
DA:9,1
DA:10,1
DA:12,1
DA:17,0
DA:18,0
DA:19,0
DA:22,1
DA:23,1
DA:24,5
DA:26,1
DA:27,1
DA:29,1
LF:15
LH:12
end_of_record
SF:/Users/lebcirakram/Documents/dev/flutter-project/queerie_test/lib/features/general/pages/settings/settings_page.dart
DA:9,1
DA:11,1
DA:12,1
DA:16,4
DA:18,2
DA:19,3
DA:20,3
DA:22,1
DA:23,4
DA:25,1
DA:27,1
DA:28,1
DA:29,1
DA:30,2
DA:31,1
DA:32,1
DA:33,1
DA:35,2
DA:36,1
DA:39,1
DA:40,2
DA:42,1
DA:43,1
DA:44,3
DA:48,1
DA:49,1
DA:50,2
DA:53,1
DA:55,2
DA:56,1
DA:58,1
DA:59,1
DA:60,2
DA:62,1
DA:63,1
DA:64,3
DA:68,1
DA:69,1
DA:70,1
DA:72,1
DA:73,3
DA:83,1
DA:84,1
DA:85,2
DA:86,1
DA:87,2
DA:89,2
LF:47
LH:47
end_of_record
SF:/Users/lebcirakram/Documents/dev/flutter-project/queerie_test/lib/features/general/pages/splashscreen/splash_screen_page.dart
DA:7,13
DA:9,0
DA:10,0
DA:14,0
DA:16,0
DA:17,0
DA:18,0
DA:22,0
DA:24,0
DA:25,0
DA:26,0
DA:27,0
DA:28,0
LF:13
LH:1
end_of_record
SF:/Users/lebcirakram/Documents/dev/flutter-project/queerie_test/lib/utils/ext/context.dart
DA:5,0
DA:6,0
DA:8,0
DA:11,0
DA:13,0
DA:14,0
DA:16,0
DA:17,0
DA:19,0
DA:20,0
DA:23,0
DA:27,2
DA:28,2
DA:30,8
DA:33,0
DA:34,0
DA:36,0
DA:40,0
DA:42,0
DA:45,0
DA:48,0
DA:50,0
DA:52,0
DA:53,0
DA:54,0
DA:55,0
DA:56,0
DA:58,0
DA:59,0
DA:68,0
DA:70,0
LF:31
LH:3
end_of_record
SF:/Users/lebcirakram/Documents/dev/flutter-project/queerie_test/lib/utils/ext/string.dart
DA:7,0
DA:9,0
DA:12,0
DA:14,0
DA:15,0
DA:16,0
DA:26,0
DA:30,0
DA:32,0
DA:35,0
DA:38,0
DA:39,0
DA:40,0
DA:50,0
DA:54,0
DA:56,0
DA:58,0
DA:60,0
DA:61,0
DA:62,0
DA:72,0
LF:21
LH:0
end_of_record
SF:/Users/lebcirakram/Documents/dev/flutter-project/queerie_test/lib/utils/ext/text_theme.dart
DA:4,0
DA:8,0
DA:12,0
LF:3
LH:0
end_of_record
SF:/Users/lebcirakram/Documents/dev/flutter-project/queerie_test/lib/utils/helper/common.dart
DA:4,0
DA:5,0
DA:6,0
DA:12,0
DA:14,0
DA:16,0
DA:18,0
DA:26,0
DA:27,0
DA:30,0
DA:31,0
DA:34,0
DA:35,0
DA:38,0
DA:39,0
DA:44,0
DA:45,0
DA:48,0
DA:49,0
DA:52,0
DA:53,0
LF:21
LH:0
end_of_record
SF:/Users/lebcirakram/Documents/dev/flutter-project/queerie_test/lib/utils/helper/constant.dart
DA:2,1
DA:4,3
LF:2
LH:2
end_of_record
SF:/Users/lebcirakram/Documents/dev/flutter-project/queerie_test/lib/utils/helper/go_router_refresh_stream.dart
DA:6,0
DA:7,0
DA:8,0
DA:9,0
DA:15,0
DA:17,0
DA:18,0
LF:7
LH:0
end_of_record
SF:/Users/lebcirakram/Documents/dev/flutter-project/queerie_test/lib/features/general/pages/main/cubit/main_state.dart
LF:0
LH:0
end_of_record
